-------------------------------------------------------------------------------
Test set: org.owasp.webgoat.lessons.clientsidefiltering.ClientSideFilteringFreeAssignmentTest
-------------------------------------------------------------------------------
Tests run: 3, Failures: 0, Errors: 3, Skipped: 0, Time elapsed: 0.012 s <<< FAILURE! - in org.owasp.webgoat.lessons.clientsidefiltering.ClientSideFilteringFreeAssignmentTest
org.owasp.webgoat.lessons.clientsidefiltering.ClientSideFilteringFreeAssignmentTest.success  Time elapsed: 0 s  <<< ERROR!
java.lang.IllegalStateException: Failed to load ApplicationContext
Caused by: java.lang.IllegalStateException: Failed to add PropertySource to Environment
Caused by: java.io.FileNotFoundException: class path resource [application-webgoat.properties] cannot be opened because it does not exist

org.owasp.webgoat.lessons.clientsidefiltering.ClientSideFilteringFreeAssignmentTest.wrongSalary  Time elapsed: 0 s  <<< ERROR!
java.lang.IllegalStateException: Failed to load ApplicationContext
Caused by: java.lang.IllegalStateException: Failed to add PropertySource to Environment
Caused by: java.io.FileNotFoundException: class path resource [application-webgoat.properties] cannot be opened because it does not exist

org.owasp.webgoat.lessons.clientsidefiltering.ClientSideFilteringFreeAssignmentTest.getSalaries  Time elapsed: 0 s  <<< ERROR!
java.lang.IllegalStateException: Failed to load ApplicationContext
Caused by: java.lang.IllegalStateException: Failed to add PropertySource to Environment
Caused by: java.io.FileNotFoundException: class path resource [application-webgoat.properties] cannot be opened because it does not exist

