-------------------------------------------------------------------------------
Test set: org.owasp.webgoat.lessons.sqlinjection.introduction.SqlInjectionLesson5Test
-------------------------------------------------------------------------------
Tests run: 3, Failures: 0, Errors: 3, Skipped: 0, Time elapsed: 0.01 s <<< FAILURE! - in org.owasp.webgoat.lessons.sqlinjection.introduction.SqlInjectionLesson5Test
org.owasp.webgoat.lessons.sqlinjection.introduction.SqlInjectionLesson5Test.differentTableShouldNotSolveIt  Time elapsed: 0 s  <<< ERROR!
java.lang.IllegalStateException: Failed to load ApplicationContext
Caused by: java.lang.IllegalStateException: Failed to add PropertySource to Environment
Caused by: java.io.FileNotFoundException: class path resource [application-webgoat.properties] cannot be opened because it does not exist

org.owasp.webgoat.lessons.sqlinjection.introduction.SqlInjectionLesson5Test.grantSolution  Time elapsed: 0 s  <<< ERROR!
java.lang.IllegalStateException: Failed to load ApplicationContext
Caused by: java.lang.IllegalStateException: Failed to add PropertySource to Environment
Caused by: java.io.FileNotFoundException: class path resource [application-webgoat.properties] cannot be opened because it does not exist

org.owasp.webgoat.lessons.sqlinjection.introduction.SqlInjectionLesson5Test.noGrantShouldNotSolveIt  Time elapsed: 0 s  <<< ERROR!
java.lang.IllegalStateException: Failed to load ApplicationContext
Caused by: java.lang.IllegalStateException: Failed to add PropertySource to Environment
Caused by: java.io.FileNotFoundException: class path resource [application-webgoat.properties] cannot be opened because it does not exist

