-------------------------------------------------------------------------------
Test set: org.owasp.webgoat.lessons.hijacksession.HijackSessionAssignmentTest
-------------------------------------------------------------------------------
Tests run: 2, Failures: 0, Errors: 2, Skipped: 0, Time elapsed: 0.048 s <<< FAILURE! - in org.owasp.webgoat.lessons.hijacksession.HijackSessionAssignmentTest
org.owasp.webgoat.lessons.hijacksession.HijackSessionAssignmentTest.testBlankCookie  Time elapsed: 0.031 s  <<< ERROR!
org.springframework.web.util.NestedServletException: Request processing failed; nested exception is org.springframework.context.NoSuchMessageException: No message found under code 'assignment.not.solved' for locale 'en'.
	at org.owasp.webgoat.lessons.hijacksession.HijackSessionAssignmentTest.testBlankCookie(HijackSessionAssignmentTest.java:98)
Caused by: org.springframework.context.NoSuchMessageException: No message found under code 'assignment.not.solved' for locale 'en'.
	at org.owasp.webgoat.lessons.hijacksession.HijackSessionAssignmentTest.testBlankCookie(HijackSessionAssignmentTest.java:98)

org.owasp.webgoat.lessons.hijacksession.HijackSessionAssignmentTest.testValidCookie  Time elapsed: 0.015 s  <<< ERROR!
org.springframework.web.util.NestedServletException: Request processing failed; nested exception is org.springframework.context.NoSuchMessageException: No message found under code 'assignment.solved' for locale 'en'.
	at org.owasp.webgoat.lessons.hijacksession.HijackSessionAssignmentTest.testValidCookie(HijackSessionAssignmentTest.java:86)
Caused by: org.springframework.context.NoSuchMessageException: No message found under code 'assignment.solved' for locale 'en'.
	at org.owasp.webgoat.lessons.hijacksession.HijackSessionAssignmentTest.testValidCookie(HijackSessionAssignmentTest.java:86)

