-------------------------------------------------------------------------------
Test set: org.owasp.webgoat.lessons.pathtraversal.ProfileUploadTest
-------------------------------------------------------------------------------
Tests run: 4, Failures: 0, Errors: 4, Skipped: 0, Time elapsed: 0.014 s <<< FAILURE! - in org.owasp.webgoat.lessons.pathtraversal.ProfileUploadTest
org.owasp.webgoat.lessons.pathtraversal.ProfileUploadTest.shouldNotOverrideExistingFile  Time elapsed: 0 s  <<< ERROR!
java.lang.IllegalStateException: Failed to load ApplicationContext
Caused by: java.lang.IllegalStateException: Failed to add PropertySource to Environment
Caused by: java.io.FileNotFoundException: class path resource [application-webgoat.properties] cannot be opened because it does not exist

org.owasp.webgoat.lessons.pathtraversal.ProfileUploadTest.solve  Time elapsed: 0 s  <<< ERROR!
java.lang.IllegalStateException: Failed to load ApplicationContext
Caused by: java.lang.IllegalStateException: Failed to add PropertySource to Environment
Caused by: java.io.FileNotFoundException: class path resource [application-webgoat.properties] cannot be opened because it does not exist

org.owasp.webgoat.lessons.pathtraversal.ProfileUploadTest.normalUpdate  Time elapsed: 0 s  <<< ERROR!
java.lang.IllegalStateException: Failed to load ApplicationContext
Caused by: java.lang.IllegalStateException: Failed to add PropertySource to Environment
Caused by: java.io.FileNotFoundException: class path resource [application-webgoat.properties] cannot be opened because it does not exist

org.owasp.webgoat.lessons.pathtraversal.ProfileUploadTest.attemptWithWrongDirectory  Time elapsed: 0.001 s  <<< ERROR!
java.lang.IllegalStateException: Failed to load ApplicationContext
Caused by: java.lang.IllegalStateException: Failed to add PropertySource to Environment
Caused by: java.io.FileNotFoundException: class path resource [application-webgoat.properties] cannot be opened because it does not exist

