-------------------------------------------------------------------------------
Test set: org.owasp.webgoat.lessons.sqlinjection.introduction.SqlInjectionLesson9Test
-------------------------------------------------------------------------------
Tests run: 6, Failures: 0, Errors: 6, Skipped: 0, Time elapsed: 0.019 s <<< FAILURE! - in org.owasp.webgoat.lessons.sqlinjection.introduction.SqlInjectionLesson9Test
org.owasp.webgoat.lessons.sqlinjection.introduction.SqlInjectionLesson9Test.SmithIsMostEarningCompletesAssignment  Time elapsed: 0 s  <<< ERROR!
java.lang.IllegalStateException: Failed to load ApplicationContext
Caused by: java.lang.IllegalStateException: Failed to add PropertySource to Environment
Caused by: java.io.FileNotFoundException: class path resource [application-webgoat.properties] cannot be opened because it does not exist

org.owasp.webgoat.lessons.sqlinjection.introduction.SqlInjectionLesson9Test.oneAccount  Time elapsed: 0 s  <<< ERROR!
java.lang.IllegalStateException: Failed to load ApplicationContext
Caused by: java.lang.IllegalStateException: Failed to add PropertySource to Environment
Caused by: java.io.FileNotFoundException: class path resource [application-webgoat.properties] cannot be opened because it does not exist

org.owasp.webgoat.lessons.sqlinjection.introduction.SqlInjectionLesson9Test.multipleAccounts  Time elapsed: 0 s  <<< ERROR!
java.lang.IllegalStateException: Failed to load ApplicationContext
Caused by: java.lang.IllegalStateException: Failed to add PropertySource to Environment
Caused by: java.io.FileNotFoundException: class path resource [application-webgoat.properties] cannot be opened because it does not exist

org.owasp.webgoat.lessons.sqlinjection.introduction.SqlInjectionLesson9Test.malformedQueryReturnsError  Time elapsed: 0 s  <<< ERROR!
java.lang.IllegalStateException: Failed to load ApplicationContext
Caused by: java.lang.IllegalStateException: Failed to add PropertySource to Environment
Caused by: java.io.FileNotFoundException: class path resource [application-webgoat.properties] cannot be opened because it does not exist

org.owasp.webgoat.lessons.sqlinjection.introduction.SqlInjectionLesson9Test.wrongNameReturnsNoAccounts  Time elapsed: 0 s  <<< ERROR!
java.lang.IllegalStateException: Failed to load ApplicationContext
Caused by: java.lang.IllegalStateException: Failed to add PropertySource to Environment
Caused by: java.io.FileNotFoundException: class path resource [application-webgoat.properties] cannot be opened because it does not exist

org.owasp.webgoat.lessons.sqlinjection.introduction.SqlInjectionLesson9Test.wrongTANReturnsNoAccounts  Time elapsed: 0 s  <<< ERROR!
java.lang.IllegalStateException: Failed to load ApplicationContext
Caused by: java.lang.IllegalStateException: Failed to add PropertySource to Environment
Caused by: java.io.FileNotFoundException: class path resource [application-webgoat.properties] cannot be opened because it does not exist

