-------------------------------------------------------------------------------
Test set: org.owasp.webgoat.webwolf.mailbox.MailboxControllerTest
-------------------------------------------------------------------------------
Tests run: 3, Failures: 0, Errors: 3, Skipped: 0, Time elapsed: 1.025 s <<< FAILURE! - in org.owasp.webgoat.webwolf.mailbox.MailboxControllerTest
org.owasp.webgoat.webwolf.mailbox.MailboxControllerTest.sendingMailShouldStoreIt  Time elapsed: 0 s  <<< ERROR!
java.lang.IllegalStateException: Failed to load ApplicationContext
Caused by: org.springframework.beans.factory.BeanCreationException: Error creating bean with name 'springSecurityFilterChain' defined in class path resource [org/springframework/security/config/annotation/web/configuration/WebSecurityConfiguration.class]: Bean instantiation via factory method failed; nested exception is org.springframework.beans.BeanInstantiationException: Failed to instantiate [javax.servlet.Filter]: Factory method 'springSecurityFilterChain' threw exception; nested exception is com.thoughtworks.xstream.io.StreamException:  : only whitespace content allowed before start tag and not o (position: START_DOCUMENT seen o... @1:1) 
Caused by: org.springframework.beans.BeanInstantiationException: Failed to instantiate [javax.servlet.Filter]: Factory method 'springSecurityFilterChain' threw exception; nested exception is com.thoughtworks.xstream.io.StreamException:  : only whitespace content allowed before start tag and not o (position: START_DOCUMENT seen o... @1:1) 
Caused by: com.thoughtworks.xstream.io.StreamException:  : only whitespace content allowed before start tag and not o (position: START_DOCUMENT seen o... @1:1) 
Caused by: org.xmlpull.v1.XmlPullParserException: only whitespace content allowed before start tag and not o (position: START_DOCUMENT seen o... @1:1) 

org.owasp.webgoat.webwolf.mailbox.MailboxControllerTest.userShouldBeAbleToReadOwnEmail  Time elapsed: 0 s  <<< ERROR!
java.lang.IllegalStateException: Failed to load ApplicationContext
Caused by: org.springframework.beans.factory.BeanCreationException: Error creating bean with name 'springSecurityFilterChain' defined in class path resource [org/springframework/security/config/annotation/web/configuration/WebSecurityConfiguration.class]: Bean instantiation via factory method failed; nested exception is org.springframework.beans.BeanInstantiationException: Failed to instantiate [javax.servlet.Filter]: Factory method 'springSecurityFilterChain' threw exception; nested exception is com.thoughtworks.xstream.io.StreamException:  : only whitespace content allowed before start tag and not o (position: START_DOCUMENT seen o... @1:1) 
Caused by: org.springframework.beans.BeanInstantiationException: Failed to instantiate [javax.servlet.Filter]: Factory method 'springSecurityFilterChain' threw exception; nested exception is com.thoughtworks.xstream.io.StreamException:  : only whitespace content allowed before start tag and not o (position: START_DOCUMENT seen o... @1:1) 
Caused by: com.thoughtworks.xstream.io.StreamException:  : only whitespace content allowed before start tag and not o (position: START_DOCUMENT seen o... @1:1) 
Caused by: org.xmlpull.v1.XmlPullParserException: only whitespace content allowed before start tag and not o (position: START_DOCUMENT seen o... @1:1) 

org.owasp.webgoat.webwolf.mailbox.MailboxControllerTest.differentUserShouldNotBeAbleToReadOwnEmail  Time elapsed: 0 s  <<< ERROR!
java.lang.IllegalStateException: Failed to load ApplicationContext
Caused by: org.springframework.beans.factory.BeanCreationException: Error creating bean with name 'springSecurityFilterChain' defined in class path resource [org/springframework/security/config/annotation/web/configuration/WebSecurityConfiguration.class]: Bean instantiation via factory method failed; nested exception is org.springframework.beans.BeanInstantiationException: Failed to instantiate [javax.servlet.Filter]: Factory method 'springSecurityFilterChain' threw exception; nested exception is com.thoughtworks.xstream.io.StreamException:  : only whitespace content allowed before start tag and not o (position: START_DOCUMENT seen o... @1:1) 
Caused by: org.springframework.beans.BeanInstantiationException: Failed to instantiate [javax.servlet.Filter]: Factory method 'springSecurityFilterChain' threw exception; nested exception is com.thoughtworks.xstream.io.StreamException:  : only whitespace content allowed before start tag and not o (position: START_DOCUMENT seen o... @1:1) 
Caused by: com.thoughtworks.xstream.io.StreamException:  : only whitespace content allowed before start tag and not o (position: START_DOCUMENT seen o... @1:1) 
Caused by: org.xmlpull.v1.XmlPullParserException: only whitespace content allowed before start tag and not o (position: START_DOCUMENT seen o... @1:1) 

