-------------------------------------------------------------------------------
Test set: org.owasp.webgoat.lessons.passwordreset.SecurityQuestionAssignmentTest
-------------------------------------------------------------------------------
Tests run: 4, Failures: 0, Errors: 4, Skipped: 0, Time elapsed: 0.012 s <<< FAILURE! - in org.owasp.webgoat.lessons.passwordreset.SecurityQuestionAssignmentTest
org.owasp.webgoat.lessons.passwordreset.SecurityQuestionAssignmentTest.answeringSameQuestionTwiceShouldNotSolveAssignment  Time elapsed: 0 s  <<< ERROR!
java.lang.IllegalStateException: Failed to load ApplicationContext
Caused by: java.lang.IllegalStateException: Failed to add PropertySource to Environment
Caused by: java.io.FileNotFoundException: class path resource [application-webgoat.properties] cannot be opened because it does not exist

org.owasp.webgoat.lessons.passwordreset.SecurityQuestionAssignmentTest.oneQuestionShouldNotSolveTheAssignment  Time elapsed: 0 s  <<< ERROR!
java.lang.IllegalStateException: Failed to load ApplicationContext
Caused by: java.lang.IllegalStateException: Failed to add PropertySource to Environment
Caused by: java.io.FileNotFoundException: class path resource [application-webgoat.properties] cannot be opened because it does not exist

org.owasp.webgoat.lessons.passwordreset.SecurityQuestionAssignmentTest.twoQuestionsShouldSolveTheAssignment  Time elapsed: 0 s  <<< ERROR!
java.lang.IllegalStateException: Failed to load ApplicationContext
Caused by: java.lang.IllegalStateException: Failed to add PropertySource to Environment
Caused by: java.io.FileNotFoundException: class path resource [application-webgoat.properties] cannot be opened because it does not exist

org.owasp.webgoat.lessons.passwordreset.SecurityQuestionAssignmentTest.solvingForOneUserDoesNotSolveForOtherUser  Time elapsed: 0 s  <<< ERROR!
java.lang.IllegalStateException: Failed to load ApplicationContext
Caused by: java.lang.IllegalStateException: Failed to add PropertySource to Environment
Caused by: java.io.FileNotFoundException: class path resource [application-webgoat.properties] cannot be opened because it does not exist

