-------------------------------------------------------------------------------
Test set: org.owasp.webgoat.container.users.UserTrackerRepositoryTest
-------------------------------------------------------------------------------
Tests run: 3, Failures: 0, Errors: 3, Skipped: 0, Time elapsed: 0.179 s <<< FAILURE! - in org.owasp.webgoat.container.users.UserTrackerRepositoryTest
org.owasp.webgoat.container.users.UserTrackerRepositoryTest.saveAndLoadShouldHaveCorrectNumberOfAttempts  Time elapsed: 0 s  <<< ERROR!
java.lang.IllegalStateException: Failed to load ApplicationContext
Caused by: org.springframework.beans.factory.BeanDefinitionStoreException: Failed to parse configuration class [org.owasp.webgoat.container.WebGoatApplication]; nested exception is java.io.FileNotFoundException: class path resource [application-webgoat.properties] cannot be opened because it does not exist
Caused by: java.io.FileNotFoundException: class path resource [application-webgoat.properties] cannot be opened because it does not exist

org.owasp.webgoat.container.users.UserTrackerRepositoryTest.solvedAssignmentsShouldBeSaved  Time elapsed: 0 s  <<< ERROR!
java.lang.IllegalStateException: Failed to load ApplicationContext
Caused by: org.springframework.beans.factory.BeanDefinitionStoreException: Failed to parse configuration class [org.owasp.webgoat.container.WebGoatApplication]; nested exception is java.io.FileNotFoundException: class path resource [application-webgoat.properties] cannot be opened because it does not exist
Caused by: java.io.FileNotFoundException: class path resource [application-webgoat.properties] cannot be opened because it does not exist

org.owasp.webgoat.container.users.UserTrackerRepositoryTest.saveUserTracker  Time elapsed: 0 s  <<< ERROR!
java.lang.IllegalStateException: Failed to load ApplicationContext
Caused by: org.springframework.beans.factory.BeanDefinitionStoreException: Failed to parse configuration class [org.owasp.webgoat.container.WebGoatApplication]; nested exception is java.io.FileNotFoundException: class path resource [application-webgoat.properties] cannot be opened because it does not exist
Caused by: java.io.FileNotFoundException: class path resource [application-webgoat.properties] cannot be opened because it does not exist

