-------------------------------------------------------------------------------
Test set: org.owasp.webgoat.lessons.deserialization.DeserializeTest
-------------------------------------------------------------------------------
Tests run: 5, Failures: 0, Errors: 5, Skipped: 0, Time elapsed: 5.399 s <<< FAILURE! - in org.owasp.webgoat.lessons.deserialization.DeserializeTest
org.owasp.webgoat.lessons.deserialization.DeserializeTest.success  Time elapsed: 5.324 s  <<< ERROR!
org.springframework.web.util.NestedServletException: Request processing failed; nested exception is org.springframework.context.NoSuchMessageException: No message found under code 'assignment.solved' for locale 'en'.
	at org.owasp.webgoat.lessons.deserialization.DeserializeTest.success(DeserializeTest.java:46)
Caused by: org.springframework.context.NoSuchMessageException: No message found under code 'assignment.solved' for locale 'en'.
	at org.owasp.webgoat.lessons.deserialization.DeserializeTest.success(DeserializeTest.java:46)

org.owasp.webgoat.lessons.deserialization.DeserializeTest.wrongVersion  Time elapsed: 0.008 s  <<< ERROR!
org.springframework.web.util.NestedServletException: Request processing failed; nested exception is org.springframework.context.NoSuchMessageException: No message found under code 'insecure-deserialization.invalidversion' for locale 'en'.
	at org.owasp.webgoat.lessons.deserialization.DeserializeTest.wrongVersion(DeserializeTest.java:73)
Caused by: org.springframework.context.NoSuchMessageException: No message found under code 'insecure-deserialization.invalidversion' for locale 'en'.
	at org.owasp.webgoat.lessons.deserialization.DeserializeTest.wrongVersion(DeserializeTest.java:73)

org.owasp.webgoat.lessons.deserialization.DeserializeTest.expiredTask  Time elapsed: 0.007 s  <<< ERROR!
org.springframework.web.util.NestedServletException: Request processing failed; nested exception is org.springframework.context.NoSuchMessageException: No message found under code 'insecure-deserialization.expired' for locale 'en'.
	at org.owasp.webgoat.lessons.deserialization.DeserializeTest.expiredTask(DeserializeTest.java:88)
Caused by: org.springframework.context.NoSuchMessageException: No message found under code 'insecure-deserialization.expired' for locale 'en'.
	at org.owasp.webgoat.lessons.deserialization.DeserializeTest.expiredTask(DeserializeTest.java:88)

org.owasp.webgoat.lessons.deserialization.DeserializeTest.fail  Time elapsed: 0.044 s  <<< ERROR!
org.springframework.web.util.NestedServletException: Request processing failed; nested exception is org.springframework.context.NoSuchMessageException: No message found under code 'assignment.not.solved' for locale 'en'.
	at org.owasp.webgoat.lessons.deserialization.DeserializeTest.fail(DeserializeTest.java:59)
Caused by: org.springframework.context.NoSuchMessageException: No message found under code 'assignment.not.solved' for locale 'en'.
	at org.owasp.webgoat.lessons.deserialization.DeserializeTest.fail(DeserializeTest.java:59)

org.owasp.webgoat.lessons.deserialization.DeserializeTest.checkOtherObject  Time elapsed: 0.013 s  <<< ERROR!
org.springframework.web.util.NestedServletException: Request processing failed; nested exception is org.springframework.context.NoSuchMessageException: No message found under code 'insecure-deserialization.invalidversion' for locale 'en'.
	at org.owasp.webgoat.lessons.deserialization.DeserializeTest.checkOtherObject(DeserializeTest.java:102)
Caused by: org.springframework.context.NoSuchMessageException: No message found under code 'insecure-deserialization.invalidversion' for locale 'en'.
	at org.owasp.webgoat.lessons.deserialization.DeserializeTest.checkOtherObject(DeserializeTest.java:102)

