-------------------------------------------------------------------------------
Test set: org.owasp.webgoat.lessons.xss.DOMCrossSiteScriptingTest
-------------------------------------------------------------------------------
Tests run: 2, Failures: 0, Errors: 2, Skipped: 0, Time elapsed: 0.019 s <<< FAILURE! - in org.owasp.webgoat.lessons.xss.DOMCrossSiteScriptingTest
org.owasp.webgoat.lessons.xss.DOMCrossSiteScriptingTest.success  Time elapsed: 0.009 s  <<< ERROR!
org.springframework.web.util.NestedServletException: Request processing failed; nested exception is org.springframework.context.NoSuchMessageException: No message found under code 'assignment.solved' for locale 'en'.
	at org.owasp.webgoat.lessons.xss.DOMCrossSiteScriptingTest.success(DOMCrossSiteScriptingTest.java:56)
Caused by: org.springframework.context.NoSuchMessageException: No message found under code 'assignment.solved' for locale 'en'.
	at org.owasp.webgoat.lessons.xss.DOMCrossSiteScriptingTest.success(DOMCrossSiteScriptingTest.java:56)

org.owasp.webgoat.lessons.xss.DOMCrossSiteScriptingTest.failure  Time elapsed: 0.008 s  <<< ERROR!
org.springframework.web.util.NestedServletException: Request processing failed; nested exception is org.springframework.context.NoSuchMessageException: No message found under code 'assignment.not.solved' for locale 'en'.
	at org.owasp.webgoat.lessons.xss.DOMCrossSiteScriptingTest.failure(DOMCrossSiteScriptingTest.java:70)
Caused by: org.springframework.context.NoSuchMessageException: No message found under code 'assignment.not.solved' for locale 'en'.
	at org.owasp.webgoat.lessons.xss.DOMCrossSiteScriptingTest.failure(DOMCrossSiteScriptingTest.java:70)

