-------------------------------------------------------------------------------
Test set: org.owasp.webgoat.lessons.missingac.MissingFunctionACHiddenMenusTest
-------------------------------------------------------------------------------
Tests run: 3, Failures: 0, Errors: 3, Skipped: 0, Time elapsed: 0.025 s <<< FAILURE! - in org.owasp.webgoat.lessons.missingac.MissingFunctionACHiddenMenusTest
org.owasp.webgoat.lessons.missingac.MissingFunctionACHiddenMenusTest.HiddenMenusSuccess  Time elapsed: 0.009 s  <<< ERROR!
org.springframework.web.util.NestedServletException: Request processing failed; nested exception is org.springframework.context.NoSuchMessageException: No message found under code 'access-control.hidden-menus.success' for locale 'en'.
	at org.owasp.webgoat.lessons.missingac.MissingFunctionACHiddenMenusTest.HiddenMenusSuccess(MissingFunctionACHiddenMenusTest.java:52)
Caused by: org.springframework.context.NoSuchMessageException: No message found under code 'access-control.hidden-menus.success' for locale 'en'.
	at org.owasp.webgoat.lessons.missingac.MissingFunctionACHiddenMenusTest.HiddenMenusSuccess(MissingFunctionACHiddenMenusTest.java:52)

org.owasp.webgoat.lessons.missingac.MissingFunctionACHiddenMenusTest.HiddenMenusFailure  Time elapsed: 0.008 s  <<< ERROR!
org.springframework.web.util.NestedServletException: Request processing failed; nested exception is org.springframework.context.NoSuchMessageException: No message found under code 'access-control.hidden-menus.failure' for locale 'en'.
	at org.owasp.webgoat.lessons.missingac.MissingFunctionACHiddenMenusTest.HiddenMenusFailure(MissingFunctionACHiddenMenusTest.java:80)
Caused by: org.springframework.context.NoSuchMessageException: No message found under code 'access-control.hidden-menus.failure' for locale 'en'.
	at org.owasp.webgoat.lessons.missingac.MissingFunctionACHiddenMenusTest.HiddenMenusFailure(MissingFunctionACHiddenMenusTest.java:80)

org.owasp.webgoat.lessons.missingac.MissingFunctionACHiddenMenusTest.HiddenMenusClose  Time elapsed: 0.007 s  <<< ERROR!
org.springframework.web.util.NestedServletException: Request processing failed; nested exception is org.springframework.context.NoSuchMessageException: No message found under code 'access-control.hidden-menus.close' for locale 'en'.
	at org.owasp.webgoat.lessons.missingac.MissingFunctionACHiddenMenusTest.HiddenMenusClose(MissingFunctionACHiddenMenusTest.java:66)
Caused by: org.springframework.context.NoSuchMessageException: No message found under code 'access-control.hidden-menus.close' for locale 'en'.
	at org.owasp.webgoat.lessons.missingac.MissingFunctionACHiddenMenusTest.HiddenMenusClose(MissingFunctionACHiddenMenusTest.java:66)

