-------------------------------------------------------------------------------
Test set: org.owasp.webgoat.lessons.spoofcookie.SpoofCookieAssignmentTest
-------------------------------------------------------------------------------
Tests run: 12, Failures: 0, Errors: 9, Skipped: 0, Time elapsed: 0.134 s <<< FAILURE! - in org.owasp.webgoat.lessons.spoofcookie.SpoofCookieAssignmentTest
org.owasp.webgoat.lessons.spoofcookie.SpoofCookieAssignmentTest.validLoginWithoutCookieTest  Time elapsed: 0.014 s  <<< ERROR!
org.springframework.web.util.NestedServletException: Request processing failed; nested exception is org.springframework.context.NoSuchMessageException: No message found under code 'spoofcookie.login' for locale 'en'.
	at org.owasp.webgoat.lessons.spoofcookie.SpoofCookieAssignmentTest.validLoginWithoutCookieTest(SpoofCookieAssignmentTest.java:94)
Caused by: org.springframework.context.NoSuchMessageException: No message found under code 'spoofcookie.login' for locale 'en'.
	at org.owasp.webgoat.lessons.spoofcookie.SpoofCookieAssignmentTest.validLoginWithoutCookieTest(SpoofCookieAssignmentTest.java:94)

org.owasp.webgoat.lessons.spoofcookie.SpoofCookieAssignmentTest.success  Time elapsed: 0.007 s  <<< ERROR!
org.springframework.web.util.NestedServletException: Request processing failed; nested exception is org.springframework.context.NoSuchMessageException: No message found under code 'assignment.solved' for locale 'en'.
	at org.owasp.webgoat.lessons.spoofcookie.SpoofCookieAssignmentTest.success(SpoofCookieAssignmentTest.java:77)
Caused by: org.springframework.context.NoSuchMessageException: No message found under code 'assignment.solved' for locale 'en'.
	at org.owasp.webgoat.lessons.spoofcookie.SpoofCookieAssignmentTest.success(SpoofCookieAssignmentTest.java:77)

org.owasp.webgoat.lessons.spoofcookie.SpoofCookieAssignmentTest.invalidLoginWithBlankPassword  Time elapsed: 0.008 s  <<< ERROR!
org.springframework.web.util.NestedServletException: Request processing failed; nested exception is org.springframework.context.NoSuchMessageException: No message found under code 'spoofcookie.wrong-login' for locale 'en'.
	at org.owasp.webgoat.lessons.spoofcookie.SpoofCookieAssignmentTest.invalidLoginWithBlankPassword(SpoofCookieAssignmentTest.java:157)
Caused by: org.springframework.context.NoSuchMessageException: No message found under code 'spoofcookie.wrong-login' for locale 'en'.
	at org.owasp.webgoat.lessons.spoofcookie.SpoofCookieAssignmentTest.invalidLoginWithBlankPassword(SpoofCookieAssignmentTest.java:157)

org.owasp.webgoat.lessons.spoofcookie.SpoofCookieAssignmentTest.cheat  Time elapsed: 0.007 s  <<< ERROR!
org.springframework.web.util.NestedServletException: Request processing failed; nested exception is org.springframework.context.NoSuchMessageException: No message found under code 'spoofcookie.cheating' for locale 'en'.
	at org.owasp.webgoat.lessons.spoofcookie.SpoofCookieAssignmentTest.cheat(SpoofCookieAssignmentTest.java:169)
Caused by: org.springframework.context.NoSuchMessageException: No message found under code 'spoofcookie.cheating' for locale 'en'.
	at org.owasp.webgoat.lessons.spoofcookie.SpoofCookieAssignmentTest.cheat(SpoofCookieAssignmentTest.java:169)

org.owasp.webgoat.lessons.spoofcookie.SpoofCookieAssignmentTest.cookieLoginNotSolvedFlow(String)[1]  Time elapsed: 0.017 s  <<< ERROR!
org.springframework.web.util.NestedServletException: Request processing failed; nested exception is org.springframework.context.NoSuchMessageException: No message found under code 'assignment.not.solved' for locale 'en'.
	at org.owasp.webgoat.lessons.spoofcookie.SpoofCookieAssignmentTest.cookieLoginNotSolvedFlow(SpoofCookieAssignmentTest.java:115)
Caused by: org.springframework.context.NoSuchMessageException: No message found under code 'assignment.not.solved' for locale 'en'.
	at org.owasp.webgoat.lessons.spoofcookie.SpoofCookieAssignmentTest.cookieLoginNotSolvedFlow(SpoofCookieAssignmentTest.java:115)

org.owasp.webgoat.lessons.spoofcookie.SpoofCookieAssignmentTest.cookieLoginNotSolvedFlow(String)[2]  Time elapsed: 0.007 s  <<< ERROR!
org.springframework.web.util.NestedServletException: Request processing failed; nested exception is org.springframework.context.NoSuchMessageException: No message found under code 'spoofcookie.cookie-login' for locale 'en'.
	at org.owasp.webgoat.lessons.spoofcookie.SpoofCookieAssignmentTest.cookieLoginNotSolvedFlow(SpoofCookieAssignmentTest.java:115)
Caused by: org.springframework.context.NoSuchMessageException: No message found under code 'spoofcookie.cookie-login' for locale 'en'.
	at org.owasp.webgoat.lessons.spoofcookie.SpoofCookieAssignmentTest.cookieLoginNotSolvedFlow(SpoofCookieAssignmentTest.java:115)

org.owasp.webgoat.lessons.spoofcookie.SpoofCookieAssignmentTest.cookieLoginNotSolvedFlow(String)[3]  Time elapsed: 0.007 s  <<< ERROR!
org.springframework.web.util.NestedServletException: Request processing failed; nested exception is org.springframework.context.NoSuchMessageException: No message found under code 'spoofcookie.wrong-cookie' for locale 'en'.
	at org.owasp.webgoat.lessons.spoofcookie.SpoofCookieAssignmentTest.cookieLoginNotSolvedFlow(SpoofCookieAssignmentTest.java:115)
Caused by: org.springframework.context.NoSuchMessageException: No message found under code 'spoofcookie.wrong-cookie' for locale 'en'.
	at org.owasp.webgoat.lessons.spoofcookie.SpoofCookieAssignmentTest.cookieLoginNotSolvedFlow(SpoofCookieAssignmentTest.java:115)

org.owasp.webgoat.lessons.spoofcookie.SpoofCookieAssignmentTest.invalidLoginWithBlankCredentials  Time elapsed: 0.007 s  <<< ERROR!
org.springframework.web.util.NestedServletException: Request processing failed; nested exception is org.springframework.context.NoSuchMessageException: No message found under code 'spoofcookie.wrong-login' for locale 'en'.
	at org.owasp.webgoat.lessons.spoofcookie.SpoofCookieAssignmentTest.invalidLoginWithBlankCredentials(SpoofCookieAssignmentTest.java:145)
Caused by: org.springframework.context.NoSuchMessageException: No message found under code 'spoofcookie.wrong-login' for locale 'en'.
	at org.owasp.webgoat.lessons.spoofcookie.SpoofCookieAssignmentTest.invalidLoginWithBlankCredentials(SpoofCookieAssignmentTest.java:145)

org.owasp.webgoat.lessons.spoofcookie.SpoofCookieAssignmentTest.invalidTomLogin  Time elapsed: 0.007 s  <<< ERROR!
org.springframework.web.util.NestedServletException: Request processing failed; nested exception is org.springframework.context.NoSuchMessageException: No message found under code 'spoofcookie.wrong-login' for locale 'en'.
	at org.owasp.webgoat.lessons.spoofcookie.SpoofCookieAssignmentTest.invalidTomLogin(SpoofCookieAssignmentTest.java:181)
Caused by: org.springframework.context.NoSuchMessageException: No message found under code 'spoofcookie.wrong-login' for locale 'en'.
	at org.owasp.webgoat.lessons.spoofcookie.SpoofCookieAssignmentTest.invalidTomLogin(SpoofCookieAssignmentTest.java:181)

