-------------------------------------------------------------------------------
Test set: org.owasp.webgoat.lessons.missingac.MissingFunctionACYourHashAdminTest
-------------------------------------------------------------------------------
Tests run: 2, Failures: 0, Errors: 2, Skipped: 0, Time elapsed: 0.013 s <<< FAILURE! - in org.owasp.webgoat.lessons.missingac.MissingFunctionACYourHashAdminTest
org.owasp.webgoat.lessons.missingac.MissingFunctionACYourHashAdminTest.solve  Time elapsed: 0 s  <<< ERROR!
java.lang.IllegalStateException: Failed to load ApplicationContext
Caused by: java.lang.IllegalStateException: Failed to add PropertySource to Environment
Caused by: java.io.FileNotFoundException: class path resource [application-webgoat.properties] cannot be opened because it does not exist

org.owasp.webgoat.lessons.missingac.MissingFunctionACYourHashAdminTest.wrongUserHash  Time elapsed: 0 s  <<< ERROR!
java.lang.IllegalStateException: Failed to load ApplicationContext
Caused by: java.lang.IllegalStateException: Failed to add PropertySource to Environment
Caused by: java.io.FileNotFoundException: class path resource [application-webgoat.properties] cannot be opened because it does not exist

