<?xml version="1.0" encoding="UTF-8"?>
<testsuite xmlns:xsi="http://www.w3.org/2001/XMLSchema-instance" xsi:noNamespaceSchemaLocation="https://maven.apache.org/surefire/maven-surefire-plugin/xsd/surefire-test-report-3.0.xsd" version="3.0" name="org.owasp.webgoat.lessons.sqlinjection.introduction.SqlInjectionLesson6aTest" time="0.022" tests="6" errors="6" skipped="0" failures="0">
  <properties>
[...]
</properties>
  <testcase name="wrongSolution" classname="org.owasp.webgoat.lessons.sqlinjection.introduction.SqlInjectionLesson6aTest" time="0">
    <error type="java.lang.IllegalStateException"><![CDATA[java.lang.IllegalStateException: Failed to load ApplicationContext
Caused by: java.lang.IllegalStateException: Failed to add PropertySource to Environment
Caused by: java.io.FileNotFoundException: class path resource [application-webgoat.properties] cannot be opened because it does not exist
]]></error>
  </testcase>
  <testcase name="noResultsReturned" classname="org.owasp.webgoat.lessons.sqlinjection.introduction.SqlInjectionLesson6aTest" time="0">
    <error type="java.lang.IllegalStateException"><![CDATA[java.lang.IllegalStateException: Failed to load ApplicationContext
Caused by: java.lang.IllegalStateException: Failed to add PropertySource to Environment
Caused by: java.io.FileNotFoundException: class path resource [application-webgoat.properties] cannot be opened because it does not exist
]]></error>
  </testcase>
  <testcase name="correctSolution" classname="org.owasp.webgoat.lessons.sqlinjection.introduction.SqlInjectionLesson6aTest" time="0">
    <error type="java.lang.IllegalStateException"><![CDATA[java.lang.IllegalStateException: Failed to load ApplicationContext
Caused by: java.lang.IllegalStateException: Failed to add PropertySource to Environment
Caused by: java.io.FileNotFoundException: class path resource [application-webgoat.properties] cannot be opened because it does not exist
]]></error>
  </testcase>
  <testcase name="noUnionUsed" classname="org.owasp.webgoat.lessons.sqlinjection.introduction.SqlInjectionLesson6aTest" time="0">
    <error type="java.lang.IllegalStateException"><![CDATA[java.lang.IllegalStateException: Failed to load ApplicationContext
Caused by: java.lang.IllegalStateException: Failed to add PropertySource to Environment
Caused by: java.io.FileNotFoundException: class path resource [application-webgoat.properties] cannot be opened because it does not exist
]]></error>
  </testcase>
  <testcase name="wrongNumberOfColumns" classname="org.owasp.webgoat.lessons.sqlinjection.introduction.SqlInjectionLesson6aTest" time="0">
    <error type="java.lang.IllegalStateException"><![CDATA[java.lang.IllegalStateException: Failed to load ApplicationContext
Caused by: java.lang.IllegalStateException: Failed to add PropertySource to Environment
Caused by: java.io.FileNotFoundException: class path resource [application-webgoat.properties] cannot be opened because it does not exist
]]></error>
  </testcase>
  <testcase name="wrongDataTypeOfColumns" classname="org.owasp.webgoat.lessons.sqlinjection.introduction.SqlInjectionLesson6aTest" time="0">
    <error type="java.lang.IllegalStateException"><![CDATA[java.lang.IllegalStateException: Failed to load ApplicationContext
Caused by: java.lang.IllegalStateException: Failed to add PropertySource to Environment
Caused by: java.io.FileNotFoundException: class path resource [application-webgoat.properties] cannot be opened because it does not exist
]]></error>
  </testcase>
</testsuite>